\BOOKMARK [0][-]{name.0}{Contents}{}% 1
\BOOKMARK [0][-]{chapter.1}{Like:\040Frequency\040and\040phonetic\040realisations}{}% 2
\BOOKMARK [1][-]{section.1.1}{Methodology\040of\040interviews}{chapter.1}% 3
\BOOKMARK [1][-]{section.1.2}{Variation\040in\040use\040of\040like}{chapter.1}% 4
\BOOKMARK [2][-]{subsection.1.2.1}{Use\040of\040quotative\040like\040at\040SGH}{section.1.2}% 5
\BOOKMARK [2][-]{subsection.1.2.2}{Use\040of\040discourse\040particle\040like\040at\040SGH}{section.1.2}% 6
\BOOKMARK [1][-]{section.1.3}{Phonetic\040variation\040of\040like}{chapter.1}% 7
\BOOKMARK [2][-]{subsection.1.3.1}{Methodology\040for\040acoustic\040phonetic\040analysis}{section.1.3}% 8
\BOOKMARK [2][-]{subsection.1.3.2}{Results}{section.1.3}% 9
\BOOKMARK [3][-]{subsubsection.1.3.2.1}{Model\0401:\040Grammatical\040and\040quotative\040like}{subsection.1.3.2}% 10
\BOOKMARK [3][-]{subsubsection.1.3.2.2}{Model\0402:\040Quotative\040and\040discourse\040particle\040like}{subsection.1.3.2}% 11
\BOOKMARK [3][-]{subsubsection.1.3.2.3}{Model\0403:\040Grammatical\040and\040discourse\040particle\040like}{subsection.1.3.2}% 12
\BOOKMARK [1][-]{section.1.4}{Discussion}{chapter.1}% 13
\BOOKMARK [2][-]{subsection.1.4.1}{Frequency\040effects}{section.1.4}% 14
\BOOKMARK [2][-]{subsection.1.4.2}{Special\040status\040of\040discursive\040tokens}{section.1.4}% 15
\BOOKMARK [2][-]{subsection.1.4.3}{Changes\040in\040progress}{section.1.4}% 16
\BOOKMARK [2][-]{subsection.1.4.4}{Prosody\040and\040phonetic\040variation}{section.1.4}% 17
\BOOKMARK [2][-]{subsection.1.4.5}{Identity\040Construction}{section.1.4}% 18
\BOOKMARK [3][-]{subsubsection.1.4.5.1}{Variation\040at\040the\040individual\040level}{subsection.1.4.5}% 19
\BOOKMARK [2][-]{subsection.1.4.6}{Reflection\040on\040influence\040from\040researcher}{section.1.4}% 20
\BOOKMARK [3][-]{subsubsection.1.4.6.1}{Methodology}{subsection.1.4.6}% 21
\BOOKMARK [3][-]{subsubsection.1.4.6.2}{Results}{subsection.1.4.6}% 22
\BOOKMARK [3][-]{subsubsection.1.4.6.3}{Discussion}{subsection.1.4.6}% 23
\BOOKMARK [2][-]{subsection.1.4.7}{Storage\040of\040phonetic\040detail\040in\040the\040mind}{section.1.4}% 24
\BOOKMARK [0][-]{appendix.A}{Measures\040of\040familiarity}{}% 25
\BOOKMARK [1][-]{section.A.1}{CR\040Groups}{appendix.A}% 26
\BOOKMARK [2][-]{subsection.A.1.1}{The\040Sporty\040Girls}{section.A.1}% 27
\BOOKMARK [2][-]{subsection.A.1.2}{The\040PCs}{section.A.1}% 28
\BOOKMARK [2][-]{subsection.A.1.3}{Trendy\040Alternatives}{section.A.1}% 29
\BOOKMARK [2][-]{subsection.A.1.4}{Rochelle's\040Group}{section.A.1}% 30
\BOOKMARK [2][-]{subsection.A.1.5}{The\040BBs}{section.A.1}% 31
\BOOKMARK [2][-]{subsection.A.1.6}{The\040Relaxed\040Group}{section.A.1}% 32
\BOOKMARK [1][-]{section.A.2}{NCR\040Groups}{appendix.A}% 33
\BOOKMARK [2][-]{subsection.A.2.1}{The\040Pasifika\040Group}{section.A.2}% 34
\BOOKMARK [2][-]{subsection.A.2.2}{The\040Goths}{section.A.2}% 35
\BOOKMARK [2][-]{subsection.A.2.3}{The\040Real\040Teenagers}{section.A.2}% 36
\BOOKMARK [2][-]{subsection.A.2.4}{The\040Christians}{section.A.2}% 37
\BOOKMARK [2][-]{subsection.A.2.5}{Sonia's\040Group}{section.A.2}% 38
\BOOKMARK [2][-]{subsection.A.2.6}{The\040Geeks}{section.A.2}% 39
\BOOKMARK [2][-]{subsection.A.2.7}{Cecily's\040Group}{section.A.2}% 40
\BOOKMARK [2][-]{subsection.A.2.8}{Loners}{section.A.2}% 41
\BOOKMARK [0][-]{appendix.B}{Production\040data}{}% 42
\BOOKMARK [0][-]{appendix.C}{Stimuli\040for\040perception\040experiments}{}% 43
\BOOKMARK [0][-]{appendix.D}{Perception\040experiment\040data}{}% 44
\BOOKMARK [0][-]{section*.2}{List\040of\040references}{}% 45
\BOOKMARK [0][-]{appendix*.3}{Bibliography}{}% 46
\BOOKMARK [0][-]{appendix*.3}{Index}{}% 47
\BOOKMARK [1][-]{section*.4}{Name\040index}{appendix*.3}% 48
\BOOKMARK [1][-]{section*.5}{Language\040index}{appendix*.3}% 49
\BOOKMARK [1][-]{section*.6}{Subject\040index}{appendix*.3}% 50
